<?xml version="1.0" encoding="UTF-8"?>
<!-- Generated by org.testng.reporters.JUnitReportReporter -->
<testsuite hostname="DESKTOP-OT69J3G" failures="0" tests="1" name="mypkg.testngclass2" time="18.094" errors="0" timestamp="15 May 2019 12:21:23 GMT" skipped="0">
  <testcase classname="mypkg.testngclass2" name="testclass" time="18.094"/>
</testsuite> <!-- mypkg.testngclass2 -->
