<?xml version="1.0" encoding="UTF-8"?>
<!-- Generated by org.testng.reporters.JUnitReportReporter -->
<testsuite hostname="DESKTOP-OT69J3G" failures="0" tests="1" name="mypkg.LearningProperty" time="3.301" errors="0" timestamp="18 May 2019 09:31:09 GMT" skipped="0">
  <testcase classname="mypkg.LearningProperty" name="login_success" time="3.301"/>
</testsuite> <!-- mypkg.LearningProperty -->
