<?xml version="1.0" encoding="UTF-8"?>
<!-- Generated by org.testng.reporters.JUnitReportReporter -->
<testsuite hostname="DESKTOP-OT69J3G" failures="0" tests="1" name="mypkg.testngclass2" time="34.385" errors="0" timestamp="18 May 2019 09:46:31 GMT" skipped="0">
  <testcase classname="mypkg.testngclass2" name="testclass" time="34.385"/>
</testsuite> <!-- mypkg.testngclass2 -->
