<?xml version="1.0" encoding="UTF-8"?>
<!-- Generated by org.testng.reporters.JUnitReportReporter -->
<testsuite hostname="DESKTOP-OT69J3G" failures="0" tests="1" name="mypkg.testngclass2" time="19.027" errors="0" timestamp="18 May 2019 09:31:09 GMT" skipped="0">
  <testcase classname="mypkg.testngclass2" name="testclass" time="19.027"/>
</testsuite> <!-- mypkg.testngclass2 -->
