<?xml version="1.0" encoding="UTF-8"?>
<!-- Generated by org.testng.reporters.JUnitReportReporter -->
<testsuite hostname="DESKTOP-OT69J3G" failures="0" tests="4" name="mypkg.MyTestNGClass" time="0.000" errors="0" timestamp="15 May 2019 12:21:23 GMT" skipped="0">
  <testcase classname="mypkg.MyTestNGClass" name="setup3" time="0.000"/>
  <testcase classname="mypkg.MyTestNGClass" name="setup2" time="0.000"/>
  <testcase classname="mypkg.MyTestNGClass" name="setup4" time="0.000"/>
  <testcase classname="mypkg.MyTestNGClass" name="setup1" time="0.000"/>
</testsuite> <!-- mypkg.MyTestNGClass -->
