<?xml version="1.0" encoding="UTF-8"?>
<!-- Generated by org.testng.reporters.JUnitReportReporter -->
<testsuite hostname="DESKTOP-OT69J3G" failures="0" tests="1" name="mypkg.testngclass2" time="17.236" errors="0" timestamp="15 May 2019 13:27:08 GMT" skipped="0">
  <testcase classname="mypkg.testngclass2" name="testclass" time="17.236"/>
</testsuite> <!-- mypkg.testngclass2 -->
