<?xml version="1.0" encoding="UTF-8"?>
<!-- Generated by org.testng.reporters.JUnitReportReporter -->
<testsuite hostname="DESKTOP-OT69J3G" failures="0" tests="5" name="mypkg.MyTestNGClass" time="0.004" errors="0" timestamp="18 May 2019 09:46:31 GMT" skipped="0">
  <testcase classname="mypkg.MyTestNGClass" name="setup1" time="0.004"/>
  <testcase classname="mypkg.MyTestNGClass" name="setup5" time="0.000"/>
  <testcase classname="mypkg.MyTestNGClass" name="setup3" time="0.000"/>
  <testcase classname="mypkg.MyTestNGClass" name="setup4" time="0.000"/>
  <testcase classname="mypkg.MyTestNGClass" name="setup2" time="0.000"/>
</testsuite> <!-- mypkg.MyTestNGClass -->
