<?xml version="1.0" encoding="UTF-8"?>
<!-- Generated by org.testng.reporters.JUnitReportReporter -->
<testsuite hostname="DESKTOP-OT69J3G" failures="0" tests="1" name="mypkg.LearningProperty" time="4.702" errors="0" timestamp="12 May 2019 10:30:31 GMT" skipped="0">
  <testcase classname="mypkg.LearningProperty" name="login_success" time="4.702"/>
</testsuite> <!-- mypkg.LearningProperty -->
