<?xml version="1.0" encoding="UTF-8"?>
<!-- Generated by org.testng.reporters.JUnitReportReporter -->
<testsuite hostname="DESKTOP-OT69J3G" failures="0" tests="1" name="mypkg.LearningProperty" time="4.331" errors="0" timestamp="15 May 2019 13:27:08 GMT" skipped="0">
  <testcase classname="mypkg.LearningProperty" name="login_success" time="4.331"/>
</testsuite> <!-- mypkg.LearningProperty -->
